12:42:01 App\Models\User 99 created name -> maaaamdcece, email -> 56ecec@we.com, password -> $2y$10$b59Jd58O.AgFoNXspEoW6Ond8EmG6On.4KhH.RdkH8MCfvO8iFIRm, updated_at -> 2022-05-06 12:42:01, created_at -> 2022-05-06 12:42:01, id -> 99
12:43:51 App\Models\User 97 updated+++++ name hsa ->++++++ hsahghg,
13:39:21 App\Models\User 99 updated+++++ name maaaamdcece ->++++++ AA,
13:45:26 App\Models\User 100 created name -> TRT, email -> trt@we.com, password -> $2y$10$QyELSJqWufT2iDm.8SisseI4AdH1uN2EXMoBmPR3xlodvm.pBxmDy, updated_at -> 2022-05-06 13:45:26, created_at -> 2022-05-06 13:45:26, id -> 100
13:57:08 App\Models\User 99 updated+++++ name AA ->++++++ BBB,
05:55:21 App\Models\User 101 created name -> TRTRRR, email -> trtrrr@we.com, password -> $2y$10$YZ82ErEen4pPAuQXpJPzg.jpdGVkMvJ8WXIUWQk/1KQG7UvK9Oege, updated_at -> 2022-05-07 05:55:21, created_at -> 2022-05-07 05:55:21, id -> 101
05:56:03 App\Models\User 99 updated+++++ name BBB ->++++++ BBBSSS,
06:04:54 App\Models\User 105 created name -> rrrrr, email -> rrr@we.com, password -> $2y$10$By17q9GJ6BlQ8jJNsQozZ.rto3h9WjW2WTYrYfzm9lwS2RYqgtW7a, updated_at -> 2022-05-07 06:04:54, created_at -> 2022-05-07 06:04:54, id -> 105
06:05:17 App\Models\User 99 updated name BBBSSS -> BBBSSSaaaa
06:06:45 App\Models\User 105 updated name rrrrr -> AAAAAAAA
06:14:19 App\Models\Company 30 created name -> Fyfgbfbgd, id -> 30
06:57:09 App\Models\Company 31 created name -> gfjhmfhmhfmmmmmm, id -> 31
07:05:29 App\Models\Company 25 updated name LLL -> LLLSSSSS
07:26:12 App\Models\Company 25 updated name LLLSSSSS -> LLLSSSSSs
13:43:46 App\Models\User 110 created name -> hll, email -> hrhrhh@we.com, password -> $2y$10$15BSPqUnqXWeEnxZbdEqe.NbmlDs1diAOcbaCNOjFuBZ13Ja/k/3G, updated_at -> 2022-05-08 13:43:46, created_at -> 2022-05-08 13:43:46, id -> 110
04:52:24 App\Models\User 111 createD name -> hl, email -> hrrhh@we.com, password -> $2y$10$5A4GlR1pIt16qlntYwYw8.ery6/dxnCss7b1IICjAmOe1Pmoq.S0a, updated_at -> 2022-05-09 04:52:24, created_at -> 2022-05-09 04:52:24, id -> 111
05:27:26 App\Models\User 112 createD name -> hlmhb, email -> hrjgvrhh@we.com, password -> $2y$10$MBtEHC80woXi1IHMEXHs2.hCNALwp8txFrf7qvtOe7/0eAVIp579q, updated_at -> 2022-05-09 05:27:26, created_at -> 2022-05-09 05:27:26, id -> 112
05:29:11 App\Models\User 113 createD name -> hlmhhjb, email -> hrjgvhjrhh@we.com, password -> $2y$10$raJ6R2yCBN.NkmELKAESiOK.Md4TEeYxf69q62MIzwz3oMRhwvSse, updated_at -> 2022-05-09 05:29:11, created_at -> 2022-05-09 05:29:11, id -> 113
06:18:43 App\Models\User 114 createD name -> hlmhh, email -> hgvhjrhh@we.com, password -> $2y$10$jrUPwS1.XV/CjGvK26Jf4.OaR2VtwD1Uc0IvL7MYgvN1yYN4C9sK2, updated_at -> 2022-05-09 06:18:43, created_at -> 2022-05-09 06:18:43, id -> 114
06:40:54 App\Models\User 18 updateD name llmm -> llmkm, updated_at 2022-05-08 08:06:44 -> 2022-05-09 06:40:54
06:59:48 App\Models\User 115 createD name -> hlmfghthh, email -> hgvhjrhtytyh@we.com, password -> $2y$10$LaxMnb4WJzhp7NLYVHiHNO6D42rqlTyR974WFbYx.mdGCSqtCimV., updated_at -> 2022-05-09 06:59:48, created_at -> 2022-05-09 06:59:48, id -> 115
07:03:55 App\Models\User 116 createD name -> hlmfghsdthh, email -> hgvhjrhtyertyh@we.com, password -> $2y$10$kDLVMaru32sBJCrO.bwwreyk0paK/kc6avbXTzzinVlArH4vgj1sC, updated_at -> 2022-05-09 07:03:55, created_at -> 2022-05-09 07:03:55, id -> 116
07:43:30 App\Models\User 117 createD name -> Bruce, email -> bruce@we.com, password -> $2y$10$Jd4tO3BLsLKh4jteTA1A8eO6PAs87WOOiaega9BDftusaTiQ2m8C., updated_at -> 2022-05-09 07:43:30, created_at -> 2022-05-09 07:43:30, id -> 117
07:44:45 App\Models\User 118 createD name -> Bruce Lee, email -> brucelee@we.com, password -> $2y$10$5GxPFOFZRjBGbhjsBmueD.6aEYym3XE6pBQkk9OXut5vZ.gJu1DBG, updated_at -> 2022-05-09 07:44:45, created_at -> 2022-05-09 07:44:45, id -> 118
07:47:12 App\Models\User 18 updateD name llmkm -> llmkmlk, updated_at 2022-05-09 06:40:54 -> 2022-05-09 07:47:12
07:48:37 App\Models\User 18 updateD name llmkmlk -> User, updated_at 2022-05-09 07:47:12 -> 2022-05-09 07:48:37
07:52:37 App\Models\User 18 updateD name User -> UserNew, updated_at 2022-05-09 07:48:37 -> 2022-05-09 07:52:37
08:03:52 App\Models\User 18 updateD name UserNew -> UserName, updated_at 2022-05-09 07:52:37 -> 2022-05-09 08:03:52
08:04:52 App\Models\User 18 updateD name UserName -> UserNameM, updated_at 2022-05-09 08:03:52 -> 2022-05-09 08:04:52
14:01:27 App\Models\User 125 created name -> aCruc, email -> acruceueeklakk@we.com, password -> $2y$10$LOfZFLNu7c7exghcfaQKju6kQEwfxcksrZJzF8kh1.1qZF0zy8hi2, updated_at -> 2022-05-09 14:01:27, created_at -> 2022-05-09 14:01:27, id -> 125
10:20:13 App\Models\User 126 created name -> adfgdCruc, email -> acrucergeueeklakk@we.com, password -> $2y$10$O.IyblNX.5s3M4A2m7KJ8.tmQxvFKzrhiYqB4/5iAPXbEVkFTG0pu, updated_at -> 2022-05-10 10:20:13, created_at -> 2022-05-10 10:20:13, id -> 126
12:42:53 App\Models\User 127 created name -> adfgdCrullc, email -> ll@we.com, password -> $2y$10$x1z8XHTc8kafrqEi9bFOoesndnXNTilRv1sVa.Qn7GDiW5quV1Oa6, updated_at -> 2022-05-10 12:42:53, created_at -> 2022-05-10 12:42:53, id -> 127
13:48:22 App\Models\User 128 created name -> DD, email -> dd@we.com, password -> $2y$10$64X56RwrdP9HiEqPDhKVze5IUFN8WYtddUWRRLLrDksCDHkXNOwqq, updated_at -> 2022-05-10 13:48:22, created_at -> 2022-05-10 13:48:22, id -> 128
14:13:05 App\Models\User 129 created name -> GGG, email -> ggg@we.com, password -> $2y$10$j2xcSM3AGzI2xOxjeuLvFOHs5GJXN808O.nUwu8pgiPj5jPTvQgZm, updated_at -> 2022-05-10 14:13:05, created_at -> 2022-05-10 14:13:05, id -> 129
05:01:02 App\Models\User 130 created name -> OLLL, email -> plg@we.com, password -> $2y$10$/2mbn8F1kes9.0hFsS9q1eNjerUwnUGigZAIG5qjv.1Jo3kjg5jHq, updated_at -> 2022-05-11 05:01:02, created_at -> 2022-05-11 05:01:02, id -> 130
05:34:09 App\Models\User 131 created name -> OLLLP, email -> plgjghv@wep.com, password -> $2y$10$u6tHmf26twQnHW3ixTqXlu6IHNj6EF2EXez2Ou/XfwtYUJGoJhvhi, updated_at -> 2022-05-11 05:34:09, created_at -> 2022-05-11 05:34:09, id -> 131
05:34:44 App\Models\User 132 created name -> OLLLPkjbn, email -> plgjghvkjn@wep.com, password -> $2y$10$XXyWqddS1gJ9OZFSziUlPuOAKr6OyXUrBR76eG15Rh8vMsnHdjaxe, updated_at -> 2022-05-11 05:34:44, created_at -> 2022-05-11 05:34:44, id -> 132
05:35:23 App\Models\User 133 created name -> FFF, email -> fff@wep.com, password -> $2y$10$.nNSyermQ2iI4Zm7MgMtWO04lCqw6IKA.EG2OerwW3B8S7c/pq3uG, updated_at -> 2022-05-11 05:35:23, created_at -> 2022-05-11 05:35:23, id -> 133
05:51:50 App\Models\User 134 created name -> FFFa, email -> fffa@wep.com, password -> $2y$10$BjPzxWzwOplWE7WFJtmzBeBrg6Es3vV4xVKYJUfGUhG1gg/oqTAw6, updated_at -> 2022-05-11 05:51:50, created_at -> 2022-05-11 05:51:50, id -> 134
05:55:32 App\Models\User 135 created name -> FFFaff, email -> fffaff@wep.com, password -> $2y$10$./ssglxZ07Z0w67BWmtWpOVgfcFg2dHO3LpyiOq8w4KiQETxP3XNW, updated_at -> 2022-05-11 05:55:32, created_at -> 2022-05-11 05:55:32, id -> 135
06:13:14 App\Models\User 136 created name -> SSSAaff, email -> sssaaff@wep.com, password -> $2y$10$0q768B3UAQHCgRyEJ0Fe0eXBkz/eN9K/Hi4rGQZPQo.0fUL4v66FO, updated_at -> 2022-05-11 06:13:14, created_at -> 2022-05-11 06:13:14, id -> 136
06:54:11 App\Models\User 137 created name -> DDD, email -> sssdddaaff@wep.com, password -> $2y$10$uKXsBvaryzdBniq4mJscKutlbQZhAxPOrbI9tRXYU0VQZkFqIUMXK, updated_at -> 2022-05-11 06:54:11, created_at -> 2022-05-11 06:54:11, id -> 137
07:04:21 App\Models\User 138 created name -> DDddD, email -> sssdddddaaff@wep.com, password -> $2y$10$7G6X1pjV3xHZCgz4hVHHa.ubH9GFzSwF8MX7iR7nRRsgZSQFT.zty, updated_at -> 2022-05-11 07:04:21, created_at -> 2022-05-11 07:04:21, id -> 138
07:15:09 App\Models\User 139 created name -> DDddweD, email -> sssddddwedaaff@wep.com, password -> $2y$10$l2KAbO4JG.awrL/p.ltE1uGze9i2PAjwaSX3eqHHIt.BhNfticS4W, updated_at -> 2022-05-11 07:15:09, created_at -> 2022-05-11 07:15:09, id -> 139
08:09:50 App\Models\User 140 created name -> Roro, email -> roro@wep.com, password -> $2y$10$t/xyLz.wViHSyJfY.ASX0uVXDiBD/MbjVoUjzf4mBp27MaN1Ny8GO, updated_at -> 2022-05-11 08:09:50, created_at -> 2022-05-11 08:09:50, id -> 140
08:12:03 App\Models\User 141 created name -> Zoro, email -> zoro@wep.com, password -> $2y$10$ttWF5iR1FD7BsnwpyyMobOTJ007aUbGY/mpezLxfPTkAJ7yoLVaVq, updated_at -> 2022-05-11 08:12:03, created_at -> 2022-05-11 08:12:03, id -> 141
08:16:05 App\Models\User 142 created name -> SpiderMan, email -> spider@wep.com, password -> $2y$10$pR8PeU3XgCQGcTQtEa6gVuWETlrWNqGjPrlOYy/39S6Hmd.CFMZru, updated_at -> 2022-05-11 08:16:05, created_at -> 2022-05-11 08:16:05, id -> 142
08:35:06 App\Models\User 143 created name -> SportMan, email -> sport@wep.com, password -> $2y$10$yWbLnOVA3hcR.8F3BqP07OiZbHbhOE2Yt9UdprvQIfAUsneJIjdGm, updated_at -> 2022-05-11 08:35:06, created_at -> 2022-05-11 08:35:06, id -> 143
08:38:33 App\Models\User 144 created name -> Sport, email -> spor@wep.com, password -> $2y$10$FxuuTcETHR7CGuxHJF9R6.OpXeL9wgrAuo4qJwI/wcK9eWSfaVYHO, updated_at -> 2022-05-11 08:38:33, created_at -> 2022-05-11 08:38:33, id -> 144
09:49:13 App\Models\User 145 created name -> King, email -> king@wep.com, password -> $2y$10$2Hfl.LV2pzlClJcry0ygL.7makMHlQyBQ9Wbb6siF3lJv7ZMoAnMG, updated_at -> 2022-05-11 09:49:13, created_at -> 2022-05-11 09:49:13, id -> 145
10:28:36 App\Models\User 146 created name -> Quin, email -> quin@wep.com, password -> $2y$10$IFjnC4vBAmDGe3eUGZe4veQSihGIXpTqTLhzIgNwhXUivJmZlt8bS, updated_at -> 2022-05-11 10:28:36, created_at -> 2022-05-11 10:28:36, id -> 146
11:04:39 App\Models\User 147 created name -> Quingfc, email -> quinhgv@wep.com, password -> $2y$10$NAR4xDxII6WUQuXW7IcLNeq2EEvAMpjK5q.FjlJPXWEBey1.49o5y, updated_at -> 2022-05-11 11:04:39, created_at -> 2022-05-11 11:04:39, id -> 147
12:21:51 App\Models\User 148 created name -> Peter, email -> peter@wep.com, password -> $2y$10$RxntmkHCvzjTpVBhua1PLeoBswfmyPWNKoHLIBR2BBNZK.YHkVEha, updated_at -> 2022-05-11 12:21:51, created_at -> 2022-05-11 12:21:51, id -> 148
12:23:33 App\Models\User 149 created name -> John, email -> john@wep.com, password -> $2y$10$JCwv7pHFRCKzzrKjNV/7eupv8oXgS1bMmbHqvqdTKKB1ufiuMW/sC, updated_at -> 2022-05-11 12:23:33, created_at -> 2022-05-11 12:23:33, id -> 149
12:24:07 App\Models\User 150 created name -> Peter, email -> peter@wep.com, password -> $2y$10$tpPyGHkVRlVxgWmxSEMRsOCouMxq7Uqo/g5/BStVmNohZnaF.4idy, updated_at -> 2022-05-11 12:24:07, created_at -> 2022-05-11 12:24:07, id -> 150
12:24:17 App\Models\User 151 created name -> Lin, email -> lin@wep.com, password -> $2y$10$ULdSPvs0g9mCa5WVJNizY.64LHXswh3sHo5A2MFMFyd1Zg7qweTaK, updated_at -> 2022-05-11 12:24:17, created_at -> 2022-05-11 12:24:17, id -> 151
12:24:31 App\Models\Company 43 created name -> Best, id -> 43
12:24:37 App\Models\Company 44 created name -> Super, id -> 44
